<?xml version="1.0" encoding="UTF-8"?>
<!-- Generated by org.testng.reporters.JUnitXMLReporter -->
<testsuite hostname="DESKTOP-LNOM69A" name="Test runner firefox" tests="2" failures="0" timestamp="7 Feb 2021 11:43:31 GMT" time="130.297" errors="0">
  <testcase name="createQuickproduct_withTeamSales" time="65.098" classname="vtiger.Test_CreateProduct002"/>
  <testcase name="createProduct_withQuickCreate" time="39.532" classname="vtiger.Test_CreateProduct002"/>
</testsuite> <!-- Test runner firefox -->
