<?xml version="1.0" encoding="UTF-8"?>
<!-- Generated by org.testng.reporters.JUnitXMLReporter -->
<testsuite hostname="LAPTOP-28OBU7UD" ignored="0" name="TestRunner2" tests="2" failures="0" timestamp="2021-03-10T10:52:16 IST" time="71.002" errors="0">
  <testcase name="createProduct_withQuickCreate" time="32.767" classname="vtiger.Test_CreateProduct002"/>
  <testcase name="createQuickproduct_withTeamSales" time="27.783" classname="vtiger.Test_CreateProduct002"/>
</testsuite> <!-- TestRunner2 -->
