<?xml version="1.0" encoding="UTF-8"?>
<!-- Generated by org.testng.reporters.JUnitXMLReporter -->
<testsuite hostname="DESKTOP-LNOM69A" name="Test runner  firefox" tests="2" failures="0" timestamp="7 Feb 2021 11:14:46 GMT" time="0.268" errors="0">
  <testcase name="@BeforeClass launchBrowser" time="0.0" classname="vtiger.Test_CreateProduct002">
    <failure type="java.lang.NullPointerException">
      <![CDATA[java.lang.NullPointerException
	at com.crm.vTiger.generic_library.BaseClass.launchBrowser(BaseClass.java:57)
	at java.util.concurrent.FutureTask.run(Unknown Source)
	at java.util.concurrent.ThreadPoolExecutor.runWorker(Unknown Source)
	at java.util.concurrent.ThreadPoolExecutor$Worker.run(Unknown Source)
	at java.lang.Thread.run(Unknown Source)
... Removed 16 stack frames]]>
    </failure>
  </testcase> <!-- @BeforeClass launchBrowser -->
  <testcase name="@BeforeMethod logintoAppl" time="0.0" classname="vtiger.Test_CreateProduct002">
    <skipped/>
  </testcase> <!-- @BeforeMethod logintoAppl -->
  <testcase name="@AfterMethod logoutAppl" time="0.0" classname="vtiger.Test_CreateProduct002">
    <skipped/>
  </testcase> <!-- @AfterMethod logoutAppl -->
  <testcase name="@BeforeMethod logintoAppl" time="0.0" classname="vtiger.Test_CreateProduct002">
    <skipped/>
  </testcase> <!-- @BeforeMethod logintoAppl -->
  <testcase name="@AfterMethod logoutAppl" time="0.0" classname="vtiger.Test_CreateProduct002">
    <skipped/>
  </testcase> <!-- @AfterMethod logoutAppl -->
  <testcase name="@AfterClass closeBrowser" time="0.0" classname="vtiger.Test_CreateProduct002">
    <skipped/>
  </testcase> <!-- @AfterClass closeBrowser -->
  <testcase name="@AfterTest stopCrossbrowserTesting" time="0.0" classname="vtiger.Test_CreateProduct002">
    <skipped/>
  </testcase> <!-- @AfterTest stopCrossbrowserTesting -->
  <testcase name="createQuickproduct_withTeamSales" time="0.003" classname="vtiger.Test_CreateProduct002">
    <skipped/>
  </testcase> <!-- createQuickproduct_withTeamSales -->
  <testcase name="createProduct_withQuickCreate" time="0.018" classname="vtiger.Test_CreateProduct002">
    <skipped/>
  </testcase> <!-- createProduct_withQuickCreate -->
</testsuite> <!-- Test runner  firefox -->
