<?xml version="1.0" encoding="UTF-8"?>
<testng-results skipped="0" failed="0" ignored="0" total="1" passed="1">
  <reporter-output>
  </reporter-output>
  <suite name="Default suite" duration-ms="25" started-at="2021-03-15T14:56:14 IST" finished-at="2021-03-15T14:56:14 IST">
    <groups>
    </groups>
    <test name="Default test" duration-ms="25" started-at="2021-03-15T14:56:14 IST" finished-at="2021-03-15T14:56:14 IST">
      <class name="vtiger.ReverseString">
        <test-method status="PASS" signature="tc_001()[pri:0, instance:vtiger.ReverseString@1563da5]" name="tc_001" duration-ms="5" started-at="2021-03-15T14:56:14 IST" finished-at="2021-03-15T14:56:14 IST">
          <reporter-output>
          </reporter-output>
        </test-method> <!-- tc_001 -->
      </class> <!-- vtiger.ReverseString -->
    </test> <!-- Default test -->
  </suite> <!-- Default suite -->
</testng-results>
